<?xml version="1.0" encoding="UTF-8"?>
<!-- Generated by org.testng.reporters.JUnitReportReporter -->
<testsuite skipped="0" hostname="YY185169" name="com.freecrm.testcases.LoginTest" tests="1" failures="0" timestamp="2020-06-06T20:46:24 IST" time="7.866" errors="0">
  <testcase name="loginToApp" time="7.866" classname="com.freecrm.testcases.LoginTest"/>
  <system-out/>
</testsuite> <!-- com.freecrm.testcases.LoginTest -->
